Running: C:\Xilinx\14.7\ISE_DS\ISE\bin\nt64\unwrapped\fuse.exe -intstyle ise -incremental -lib unisims_ver -lib unimacro_ver -lib xilinxcorelib_ver -lib secureip -o C:/Users/office/Desktop/jjjjjjj/final-logic-project-master/final/TBGlycemiclndexCalculator_isim_beh.exe -prj C:/Users/office/Desktop/jjjjjjj/final-logic-project-master/final/TBGlycemiclndexCalculator_beh.prj work.TBGlycemiclndexCalculator work.glbl 
ISim P.20131013 (signature 0x7708f090)
Number of CPUs detected in this system: 4
Turning on mult-threading, number of parallel sub-compilation jobs: 8 
Determining compilation order of HDL files
Analyzing Verilog file "C:/Users/office/Desktop/jjjjjjj/final-logic-project-master/final/CountingOnes.v" into library work
Analyzing Verilog file "C:/Users/office/Desktop/jjjjjjj/final-logic-project-master/final/AbsoluteCalculator.v" into library work
Analyzing Verilog file "C:/Users/office/Desktop/jjjjjjj/final-logic-project-master/final/GlycemiclndexCalculator.v" into library work
Analyzing Verilog file "C:/Users/office/Desktop/jjjjjjj/final-logic-project-master/final/TBGlycemiclndexCalculator.v" into library work
Analyzing Verilog file "C:/Xilinx/14.7/ISE_DS/ISE//verilog/src/glbl.v" into library work
Starting static elaboration
Completed static elaboration
Compiling module AbsoluteCalculator
Compiling module CountingOnes
Compiling module GlycemiclndexCalculator
Compiling module TBGlycemiclndexCalculator
Compiling module glbl
Time Resolution for simulation is 1ps.
Waiting for 1 sub-compilation(s) to finish...
Compiled 5 Verilog Units
Built simulation executable C:/Users/office/Desktop/jjjjjjj/final-logic-project-master/final/TBGlycemiclndexCalculator_isim_beh.exe
Fuse Memory Usage: 28376 KB
Fuse CPU Usage: 702 ms
