Release 14.7 - xst P.20131013 (nt64)
Copyright (c) 1995-2013 Xilinx, Inc.  All rights reserved.
--> Parameter TMPDIR set to xst/projnav.tmp


Total REAL time to Xst completion: 1.00 secs
Total CPU time to Xst completion: 0.15 secs
 
--> Parameter xsthdpdir set to xst


Total REAL time to Xst completion: 1.00 secs
Total CPU time to Xst completion: 0.16 secs
 
--> Reading design: HealthcareSystemPhase1.prj

TABLE OF CONTENTS
  1) Synthesis Options Summary
  2) HDL Parsing
  3) HDL Elaboration
  4) HDL Synthesis
       4.1) HDL Synthesis Report
  5) Advanced HDL Synthesis
       5.1) Advanced HDL Synthesis Report
  6) Low Level Synthesis
  7) Partition Report
  8) Design Summary
       8.1) Primitive and Black Box Usage
       8.2) Device utilization summary
       8.3) Partition Resource Summary
       8.4) Timing Report
            8.4.1) Clock Information
            8.4.2) Asynchronous Control Signals Information
            8.4.3) Timing Summary
            8.4.4) Timing Details
            8.4.5) Cross Clock Domains Report


=========================================================================
*                      Synthesis Options Summary                        *
=========================================================================
---- Source Parameters
Input File Name                    : "HealthcareSystemPhase1.prj"
Ignore Synthesis Constraint File   : NO

---- Target Parameters
Output File Name                   : "HealthcareSystemPhase1"
Output Format                      : NGC
Target Device                      : xc7a100t-3-csg324

---- Source Options
Top Module Name                    : HealthcareSystemPhase1
Automatic FSM Extraction           : YES
FSM Encoding Algorithm             : Auto
Safe Implementation                : No
FSM Style                          : LUT
RAM Extraction                     : Yes
RAM Style                          : Auto
ROM Extraction                     : Yes
Shift Register Extraction          : YES
ROM Style                          : Auto
Resource Sharing                   : YES
Asynchronous To Synchronous        : NO
Shift Register Minimum Size        : 2
Use DSP Block                      : Auto
Automatic Register Balancing       : No

---- Target Options
LUT Combining                      : Auto
Reduce Control Sets                : Auto
Add IO Buffers                     : YES
Global Maximum Fanout              : 100000
Add Generic Clock Buffer(BUFG)     : 32
Register Duplication               : YES
Optimize Instantiated Primitives   : NO
Use Clock Enable                   : Auto
Use Synchronous Set                : Auto
Use Synchronous Reset              : Auto
Pack IO Registers into IOBs        : Auto
Equivalent register Removal        : YES

---- General Options
Optimization Goal                  : Speed
Optimization Effort                : 1
Power Reduction                    : NO
Keep Hierarchy                     : No
Netlist Hierarchy                  : As_Optimized
RTL Output                         : Yes
Global Optimization                : AllClockNets
Read Cores                         : YES
Write Timing Constraints           : NO
Cross Clock Analysis               : NO
Hierarchy Separator                : /
Bus Delimiter                      : <>
Case Specifier                     : Maintain
Slice Utilization Ratio            : 100
BRAM Utilization Ratio             : 100
DSP48 Utilization Ratio            : 100
Auto BRAM Packing                  : NO
Slice Utilization Ratio Delta      : 5

=========================================================================


=========================================================================
*                          HDL Parsing                                  *
=========================================================================
Analyzing Verilog file "C:\Users\office\Desktop\llllllllll\final-logic-project-master\final\FulAdder.v" into library work
Parsing module <FulAdder>.
Analyzing Verilog file "C:\Users\office\Desktop\llllllllll\final-logic-project-master\final\fulladder.v" into library work
Parsing module <fulladder>.
Analyzing Verilog file "C:\Users\office\Desktop\llllllllll\final-logic-project-master\final\FourBitRippleCarryAdder.v" into library work
Parsing module <FourBitRippleCarryAdder>.
Analyzing Verilog file "C:\Users\office\Desktop\llllllllll\final-logic-project-master\final\MUX4x1.v" into library work
Parsing module <MUX4x1>.
Analyzing Verilog file "C:\Users\office\Desktop\llllllllll\final-logic-project-master\final\Multiplier4x4.v" into library work
Parsing module <Multiplier4x4>.
Analyzing Verilog file "C:\Users\office\Desktop\llllllllll\final-logic-project-master\final\EightBitRippleCarryAdder.v" into library work
Parsing module <EightBitRippleCarryAdder>.
Analyzing Verilog file "C:\Users\office\Desktop\llllllllll\final-logic-project-master\final\decoder4x16.v" into library work
Parsing module <decoder4x16>.
Analyzing Verilog file "C:\Users\office\Desktop\llllllllll\final-logic-project-master\final\comparator3.v" into library work
Parsing module <comparator3>.
Analyzing Verilog file "C:\Users\office\Desktop\llllllllll\final-logic-project-master\final\adder_3bit.v" into library work
Parsing module <adder_3bit>.
Analyzing Verilog file "C:\Users\office\Desktop\llllllllll\final-logic-project-master\final\temperatureCalculator.v" into library work
Parsing module <temperatureCalculator>.
Analyzing Verilog file "C:\Users\office\Desktop\llllllllll\final-logic-project-master\final\temperatureAnalyzer.v" into library work
Parsing module <temperatureAnalyzer>.
Analyzing Verilog file "C:\Users\office\Desktop\llllllllll\final-logic-project-master\final\Pressure_Analyzer.v" into library work
Parsing module <pressureAnalyzer>.
Analyzing Verilog file "C:\Users\office\Desktop\llllllllll\final-logic-project-master\final\Parity_Error_Checker.v" into library work
Parsing module <parityErrorChecker>.
Analyzing Verilog file "C:\Users\office\Desktop\llllllllll\final-logic-project-master\final\MUX2x1.v" into library work
Parsing module <MUX2x1>.
Analyzing Verilog file "C:\Users\office\Desktop\llllllllll\final-logic-project-master\final\CountingOnes.v" into library work
Parsing module <CountingOnes>.
Analyzing Verilog file "C:\Users\office\Desktop\llllllllll\final-logic-project-master\final\comparator8.v" into library work
Parsing module <comparator8>.
Analyzing Verilog file "C:\Users\office\Desktop\llllllllll\final-logic-project-master\final\blood_type.v" into library work
Parsing module <BloodTypeclassification>.
Analyzing Verilog file "C:\Users\office\Desktop\llllllllll\final-logic-project-master\final\bloodPHAnalyze.v" into library work
Parsing module <bloodPHAnalyzer>.
Analyzing Verilog file "C:\Users\office\Desktop\llllllllll\final-logic-project-master\final\AbsoluteCalculator.v" into library work
Parsing module <AbsoluteCalculator>.
Analyzing Verilog file "C:\Users\office\Desktop\llllllllll\final-logic-project-master\final\temperatureAbnormalityDetector.v" into library work
Parsing module <temperatureAbnormalityDetector>.
Analyzing Verilog file "C:\Users\office\Desktop\llllllllll\final-logic-project-master\final\pressureAbnormalityDetector.v" into library work
Parsing module <pressureAbnormalityDetector>.
Analyzing Verilog file "C:\Users\office\Desktop\llllllllll\final-logic-project-master\final\GlycemiclndexCalculator.v" into library work
Parsing module <GlycemiclndexCalculator>.
Analyzing Verilog file "C:\Users\office\Desktop\llllllllll\final-logic-project-master\final\FallingDetector.v" into library work
Parsing module <fallingDetector>.
Analyzing Verilog file "C:\Users\office\Desktop\llllllllll\final-logic-project-master\final\bloodAbnormalityDetector.v" into library work
Parsing module <bloodAbnormalityDetector>.
Analyzing Verilog file "C:\Users\office\Desktop\llllllllll\final-logic-project-master\final\HealthcareSystemPhase1.v" into library work
Parsing module <HealthcareSystemPhase1>.

=========================================================================
*                            HDL Elaboration                            *
=========================================================================

Elaborating module <HealthcareSystemPhase1>.

Elaborating module <pressureAbnormalityDetector>.

Elaborating module <parityErrorChecker>.
WARNING:HDLCompiler:413 - "C:\Users\office\Desktop\llllllllll\final-logic-project-master\final\Parity_Error_Checker.v" Line 12: Result of 32-bit expression is truncated to fit in 1-bit target.

Elaborating module <pressureAnalyzer>.

Elaborating module <bloodAbnormalityDetector>.

Elaborating module <bloodPHAnalyzer>.

Elaborating module <decoder4x16>.

Elaborating module <BloodTypeclassification>.

Elaborating module <MUX4x1>.

Elaborating module <MUX2x1>.
WARNING:HDLCompiler:188 - "C:\Users\office\Desktop\llllllllll\final-logic-project-master\final\MUX2x1.v" Line 9: Actual bit length 2 differs from formal bit length 1

Elaborating module <fallingDetector>.

Elaborating module <comparator8>.

Elaborating module <comparator3>.
WARNING:HDLCompiler:634 - "C:\Users\office\Desktop\llllllllll\final-logic-project-master\final\comparator3.v" Line 55: Net <etotel> does not have a driver.
WARNING:HDLCompiler:1127 - "C:\Users\office\Desktop\llllllllll\final-logic-project-master\final\comparator8.v" Line 24: Assignment to w6 ignored, since the identifier is never used
WARNING:HDLCompiler:1127 - "C:\Users\office\Desktop\llllllllll\final-logic-project-master\final\FallingDetector.v" Line 12: Assignment to lt ignored, since the identifier is never used

Elaborating module <temperatureAbnormalityDetector>.

Elaborating module <temperatureCalculator>.

Elaborating module <Multiplier4x4>.

Elaborating module <FourBitRippleCarryAdder>.

Elaborating module <FulAdder>.
WARNING:HDLCompiler:189 - "C:\Users\office\Desktop\llllllllll\final-logic-project-master\final\FourBitRippleCarryAdder.v" Line 7: Size mismatch in connection of port <cl>. Formal port size is 1-bit while actual signal size is 4-bit.
WARNING:HDLCompiler:189 - "C:\Users\office\Desktop\llllllllll\final-logic-project-master\final\FourBitRippleCarryAdder.v" Line 10: Size mismatch in connection of port <C>. Formal port size is 1-bit while actual signal size is 4-bit.
WARNING:HDLCompiler:189 - "C:\Users\office\Desktop\llllllllll\final-logic-project-master\final\Multiplier4x4.v" Line 34: Size mismatch in connection of port <c>. Formal port size is 4-bit while actual signal size is 1-bit.
WARNING:HDLCompiler:189 - "C:\Users\office\Desktop\llllllllll\final-logic-project-master\final\Multiplier4x4.v" Line 42: Size mismatch in connection of port <c>. Formal port size is 4-bit while actual signal size is 1-bit.
WARNING:HDLCompiler:189 - "C:\Users\office\Desktop\llllllllll\final-logic-project-master\final\Multiplier4x4.v" Line 50: Size mismatch in connection of port <c>. Formal port size is 4-bit while actual signal size is 1-bit.

Elaborating module <EightBitRippleCarryAdder>.
WARNING:HDLCompiler:189 - "C:\Users\office\Desktop\llllllllll\final-logic-project-master\final\EightBitRippleCarryAdder.v" Line 15: Size mismatch in connection of port <C>. Formal port size is 1-bit while actual signal size is 8-bit.
WARNING:HDLCompiler:189 - "C:\Users\office\Desktop\llllllllll\final-logic-project-master\final\temperatureCalculator.v" Line 24: Size mismatch in connection of port <c8>. Formal port size is 8-bit while actual signal size is 1-bit.
WARNING:HDLCompiler:1127 - "C:\Users\office\Desktop\llllllllll\final-logic-project-master\final\temperatureCalculator.v" Line 24: Assignment to c ignored, since the identifier is never used

Elaborating module <temperatureAnalyzer>.
ERROR:HDLCompiler:329 - "C:\Users\office\Desktop\llllllllll\final-logic-project-master\final\GlycemiclndexCalculator.v" Line 10: Target <o> of concurrent assignment or output port connection should be a net type.
Module HealthcareSystemPhase1 remains a blackbox, due to errors in its contents
WARNING:HDLCompiler:1499 - "C:\Users\office\Desktop\llllllllll\final-logic-project-master\final\HealthcareSystemPhase1.v" Line 3: Empty module <HealthcareSystemPhase1> remains a black box.
--> 

Total memory usage is 4478464 kilobytes

Number of errors   :    1 (   0 filtered)
Number of warnings :   14 (   0 filtered)
Number of infos    :    0 (   0 filtered)

